#
# There is insufficient memory for the Java Runtime Environment to continue.
# Native memory allocation (malloc) failed to allocate 792096 bytes for Chunk::new
# Possible reasons:
#   The system is out of physical RAM or swap space
#   The process is running with CompressedOops enabled, and the Java Heap may be blocking the growth of the native heap
# Possible solutions:
#   Reduce memory load on the system
#   Increase physical memory or swap space
#   Check if swap backing store is full
#   Decrease Java heap size (-Xmx/-Xms)
#   Decrease number of Java threads
#   Decrease Java thread stack sizes (-Xss)
#   Set larger code cache with -XX:ReservedCodeCacheSize=
#   JVM is running with Zero Based Compressed Oops mode in which the Java heap is
#     placed in the first 32GB address space. The Java Heap base address is the
#     maximum limit for the native heap growth. Please use -XX:HeapBaseMinAddress
#     to set the Java Heap base and to place the Java Heap above 32GB virtual address.
# This output file may be truncated or incomplete.
#
#  Out of Memory Error (allocation.cpp:389), pid=21524, tid=0x0000000000004b64
#
# JRE version: Java(TM) SE Runtime Environment (8.0_261-b12) (build 1.8.0_261-b12)
# Java VM: Java HotSpot(TM) 64-Bit Server VM (25.261-b12 mixed mode windows-amd64 compressed oops)
# Failed to write core dump. Minidumps are not enabled by default on client versions of Windows
#

---------------  T H R E A D  ---------------

Current thread (0x000001ed7fd8d000):  JavaThread "C2 CompilerThread0" daemon [_thread_in_native, id=19300, stack(0x000000b7a6f00000,0x000000b7a7000000)]

Stack: [0x000000b7a6f00000,0x000000b7a7000000]
Native frames: (J=compiled Java code, j=interpreted, Vv=VM code, C=native code)
V  [jvm.dll+0x33e5f9]


Current CompileTask:
C2:   1866 1560       4       java.net.URLClassLoader$1::run (5 bytes)


---------------  P R O C E S S  ---------------

Java Threads: ( => current thread )
  0x000001ed7fe1a000 JavaThread "Service Thread" daemon [_thread_blocked, id=1200, stack(0x000000b7a7200000,0x000000b7a7300000)]
  0x000001ed7fda4000 JavaThread "C1 CompilerThread2" daemon [_thread_blocked, id=19296, stack(0x000000b7a7100000,0x000000b7a7200000)]
  0x000001ed7fd92000 JavaThread "C2 CompilerThread1" daemon [_thread_in_native, id=13432, stack(0x000000b7a7000000,0x000000b7a7100000)]
=>0x000001ed7fd8d000 JavaThread "C2 CompilerThread0" daemon [_thread_in_native, id=19300, stack(0x000000b7a6f00000,0x000000b7a7000000)]
  0x000001ed7fd8a000 JavaThread "Attach Listener" daemon [_thread_blocked, id=10148, stack(0x000000b7a6e00000,0x000000b7a6f00000)]
  0x000001ed7fd88800 JavaThread "Signal Dispatcher" daemon [_thread_blocked, id=22420, stack(0x000000b7a6d00000,0x000000b7a6e00000)]
  0x000001ed7fd66000 JavaThread "Finalizer" daemon [_thread_blocked, id=21912, stack(0x000000b7a6c00000,0x000000b7a6d00000)]
  0x000001ed7fd5c000 JavaThread "Reference Handler" daemon [_thread_blocked, id=9096, stack(0x000000b7a6b00000,0x000000b7a6c00000)]
  0x000001ed6edd5000 JavaThread "main" [_thread_in_Java, id=19892, stack(0x000000b7a6500000,0x000000b7a6600000)]

Other Threads:
  0x000001ed7fd34000 VMThread [stack: 0x000000b7a6a00000,0x000000b7a6b00000] [id=15964]
  0x000001ed7fe35000 WatcherThread [stack: 0x000000b7a7300000,0x000000b7a7400000] [id=6720]

VM state:not at safepoint (normal execution)

VM Mutex/Monitor currently owned by a thread: None

heap address: 0x00000006c1c00000, size: 4068 MB, Compressed Oops mode: Zero based, Oop shift amount: 3
Narrow klass base: 0x0000000000000000, Narrow klass shift: 3
Compressed class space size: 1073741824 Address: 0x00000007c0000000

Heap:
 PSYoungGen      total 76288K, used 33072K [0x000000076b400000, 0x0000000770900000, 0x00000007c0000000)
  eden space 65536K, 35% used [0x000000076b400000,0x000000076ca6b048,0x000000076f400000)
  from space 10752K, 94% used [0x000000076f400000,0x000000076fde0fe8,0x000000076fe80000)
  to   space 10752K, 0% used [0x000000076fe80000,0x000000076fe80000,0x0000000770900000)
 ParOldGen       total 175104K, used 16K [0x00000006c1c00000, 0x00000006cc700000, 0x000000076b400000)
  object space 175104K, 0% used [0x00000006c1c00000,0x00000006c1c04000,0x00000006cc700000)
 Metaspace       used 14689K, capacity 14864K, committed 14976K, reserved 1062912K
  class space    used 1802K, capacity 1872K, committed 1920K, reserved 1048576K

Card table byte_map: [0x000001ed003c0000,0x000001ed00bc0000] byte_map_base: 0x000001ecfcdb2000

Marking Bits: (ParMarkBitMap*) 0x00000000758b4fb0
 Begin Bits: [0x000001ed01110000, 0x000001ed050a0000)
 End Bits:   [0x000001ed050a0000, 0x000001ed09030000)

Polling page: 0x000001ed6ef80000

CodeCache: size=245760Kb used=5494Kb max_used=5494Kb free=240265Kb
 bounds [0x000001ed70c90000, 0x000001ed71200000, 0x000001ed7fc90000]
 total_blobs=1943 nmethods=1594 adapters=261
 compilation: enabled

Compilation events (10 events):
Event: 1.843 Thread 0x000001ed7fda4000 1597       3       java.util.Collections$UnmodifiableMap$UnmodifiableEntrySet$1::next (20 bytes)
Event: 1.844 Thread 0x000001ed7fda4000 nmethod 1597 0x000001ed711da310 code [0x000001ed711da4c0, 0x000001ed711daa60]
Event: 1.844 Thread 0x000001ed7fda4000 1598       3       java.util.Collections$UnmodifiableMap$UnmodifiableEntrySet$UnmodifiableEntry::<init> (16 bytes)
Event: 1.844 Thread 0x000001ed7fda4000 nmethod 1598 0x000001ed711d9d10 code [0x000001ed711d9e80, 0x000001ed711da1b0]
Event: 1.844 Thread 0x000001ed7fda4000 1599       3       java.util.Collections$UnmodifiableMap$UnmodifiableEntrySet$UnmodifiableEntry::getKey (10 bytes)
Event: 1.844 Thread 0x000001ed7fda4000 nmethod 1599 0x000001ed711d98d0 code [0x000001ed711d9a40, 0x000001ed711d9c70]
Event: 1.844 Thread 0x000001ed7fda4000 1595       3       java.util.Collections$UnmodifiableMap$UnmodifiableEntrySet$1::hasNext (10 bytes)
Event: 1.844 Thread 0x000001ed7fda4000 nmethod 1595 0x000001ed711d9490 code [0x000001ed711d9600, 0x000001ed711d9830]
Event: 1.844 Thread 0x000001ed7fda4000 1596       3       java.util.Collections$UnmodifiableMap$UnmodifiableEntrySet$1::next (5 bytes)
Event: 1.844 Thread 0x000001ed7fda4000 nmethod 1596 0x000001ed711d89d0 code [0x000001ed711d8b80, 0x000001ed711d91a0]

GC Heap History (2 events):
Event: 1.323 GC heap before
{Heap before GC invocations=1 (full 0):
 PSYoungGen      total 76288K, used 65536K [0x000000076b400000, 0x0000000770900000, 0x00000007c0000000)
  eden space 65536K, 100% used [0x000000076b400000,0x000000076f400000,0x000000076f400000)
  from space 10752K, 0% used [0x000000076fe80000,0x000000076fe80000,0x0000000770900000)
  to   space 10752K, 0% used [0x000000076f400000,0x000000076f400000,0x000000076fe80000)
 ParOldGen       total 175104K, used 0K [0x00000006c1c00000, 0x00000006cc700000, 0x000000076b400000)
  object space 175104K, 0% used [0x00000006c1c00000,0x00000006c1c00000,0x00000006cc700000)
 Metaspace       used 11494K, capacity 11630K, committed 11776K, reserved 1058816K
  class space    used 1423K, capacity 1509K, committed 1536K, reserved 1048576K
Event: 1.333 GC heap after
Heap after GC invocations=1 (full 0):
 PSYoungGen      total 76288K, used 10115K [0x000000076b400000, 0x0000000770900000, 0x00000007c0000000)
  eden space 65536K, 0% used [0x000000076b400000,0x000000076b400000,0x000000076f400000)
  from space 10752K, 94% used [0x000000076f400000,0x000000076fde0fe8,0x000000076fe80000)
  to   space 10752K, 0% used [0x000000076fe80000,0x000000076fe80000,0x0000000770900000)
 ParOldGen       total 175104K, used 16K [0x00000006c1c00000, 0x00000006cc700000, 0x000000076b400000)
  object space 175104K, 0% used [0x00000006c1c00000,0x00000006c1c04000,0x00000006cc700000)
 Metaspace       used 11494K, capacity 11630K, committed 11776K, reserved 1058816K
  class space    used 1423K, capacity 1509K, committed 1536K, reserved 1048576K
}

Deoptimization events (10 events):
Event: 0.717 Thread 0x000001ed6edd5000 Uncommon trap: reason=unstable_if action=reinterpret pc=0x000001ed70e49168 method=org.codehaus.plexus.util.xml.pull.MXParser.more()C @ 8
Event: 0.760 Thread 0x000001ed6edd5000 Uncommon trap: reason=unstable_if action=reinterpret pc=0x000001ed70f386e0 method=java.nio.charset.CoderResult.isOverflow()Z @ 5
Event: 0.766 Thread 0x000001ed6edd5000 Uncommon trap: reason=unstable_if action=reinterpret pc=0x000001ed70f40f00 method=java.nio.charset.CoderResult.isOverflow()Z @ 5
Event: 0.896 Thread 0x000001ed6edd5000 Uncommon trap: reason=unstable_if action=reinterpret pc=0x000001ed70ef24d8 method=java.util.HashMap.getNode(ILjava/lang/Object;)Ljava/util/HashMap$Node; @ 129
Event: 0.896 Thread 0x000001ed6edd5000 Uncommon trap: reason=unstable_if action=reinterpret pc=0x000001ed70ee97c4 method=java.util.HashMap.getNode(ILjava/lang/Object;)Ljava/util/HashMap$Node; @ 129
Event: 0.909 Thread 0x000001ed6edd5000 Uncommon trap: reason=range_check action=make_not_entrant pc=0x000001ed70fa3be8 method=sun.reflect.generics.parser.SignatureParser.current()C @ 34
Event: 1.615 Thread 0x000001ed6edd5000 Uncommon trap: reason=unstable_if action=reinterpret pc=0x000001ed7117a758 method=org.eclipse.sisu.inject.InjectorBindings.isAssignableFrom(Lcom/google/inject/TypeLiteral;Lcom/google/inject/Binding;)Z @ 14
Event: 1.629 Thread 0x000001ed6edd5000 Uncommon trap: reason=unstable_if action=reinterpret pc=0x000001ed70f60d7c method=org.codehaus.plexus.util.xml.pull.MXParser.nextImpl()I @ 241
Event: 1.748 Thread 0x000001ed6edd5000 Uncommon trap: reason=unstable_if action=reinterpret pc=0x000001ed70e2c808 method=java.lang.String.replace(CC)Ljava/lang/String; @ 2
Event: 1.753 Thread 0x000001ed6edd5000 Uncommon trap: reason=unstable_if action=reinterpret pc=0x000001ed710face8 method=java.lang.String.substring(I)Ljava/lang/String; @ 35

Classes redefined (0 events):
No events

Internal exceptions (10 events):
Event: 0.909 Thread 0x000001ed6edd5000 Exception <a 'java/lang/ArrayIndexOutOfBoundsException': 66> (0x000000076d4b9400) thrown at [C:\jenkins\workspace\8-2-build-windows-amd64-cygwin\jdk8u261\295\hotspot\src\share\vm\interpreter\interpreterRuntime.cpp, line 368]
Event: 1.496 Thread 0x000001ed6edd5000 Exception <a 'java/lang/NoClassDefFoundError': com/google/inject/servlet/ServletModuleTargetVisitor> (0x000000076bdd4cb0) thrown at [C:\jenkins\workspace\8-2-build-windows-amd64-cygwin\jdk8u261\295\hotspot\src\share\vm\classfile\systemDictionary.cpp, line
Event: 1.496 Thread 0x000001ed6edd5000 Exception <a 'java/lang/NoClassDefFoundError'> (0x000000076bdd4cb0) thrown at [C:\jenkins\workspace\8-2-build-windows-amd64-cygwin\jdk8u261\295\hotspot\src\share\vm\prims\jvm.cpp, line 1516]
Event: 1.496 Thread 0x000001ed6edd5000 Exception <a 'java/lang/NoClassDefFoundError': javax/annotation/Priority> (0x000000076bdd9bf8) thrown at [C:\jenkins\workspace\8-2-build-windows-amd64-cygwin\jdk8u261\295\hotspot\src\share\vm\classfile\systemDictionary.cpp, line 199]
Event: 1.676 Thread 0x000001ed6edd5000 Exception <a 'java/lang/NullPointerException'> (0x000000076c402560) thrown at [C:\jenkins\workspace\8-2-build-windows-amd64-cygwin\jdk8u261\295\hotspot\src\share\vm\interpreter\linkResolver.cpp, line 1185]
Event: 1.676 Thread 0x000001ed6edd5000 Exception <a 'java/lang/NullPointerException'> (0x000000076c402778) thrown at [C:\jenkins\workspace\8-2-build-windows-amd64-cygwin\jdk8u261\295\hotspot\src\share\vm\interpreter\linkResolver.cpp, line 1185]
Event: 1.676 Thread 0x000001ed6edd5000 Exception <a 'java/lang/NullPointerException'> (0x000000076c402990) thrown at [C:\jenkins\workspace\8-2-build-windows-amd64-cygwin\jdk8u261\295\hotspot\src\share\vm\interpreter\linkResolver.cpp, line 1185]
Event: 1.677 Thread 0x000001ed6edd5000 Exception <a 'java/lang/NullPointerException'> (0x000000076c40ae10) thrown at [C:\jenkins\workspace\8-2-build-windows-amd64-cygwin\jdk8u261\295\hotspot\src\share\vm\interpreter\linkResolver.cpp, line 1185]
Event: 1.677 Thread 0x000001ed6edd5000 Exception <a 'java/lang/NullPointerException'> (0x000000076c40b028) thrown at [C:\jenkins\workspace\8-2-build-windows-amd64-cygwin\jdk8u261\295\hotspot\src\share\vm\interpreter\linkResolver.cpp, line 1185]
Event: 1.677 Thread 0x000001ed6edd5000 Exception <a 'java/lang/NullPointerException'> (0x000000076c40b240) thrown at [C:\jenkins\workspace\8-2-build-windows-amd64-cygwin\jdk8u261\295\hotspot\src\share\vm\interpreter\linkResolver.cpp, line 1185]

Events (10 events):
Event: 1.844 loading class org/apache/maven/repository/internal/DefaultVersionResolver$Key
Event: 1.844 loading class org/apache/maven/repository/internal/DefaultVersionResolver$Key done
Event: 1.845 loading class java/util/Collections$SingletonSet
Event: 1.845 loading class java/util/Collections$SingletonSet done
Event: 1.846 loading class org/eclipse/aether/internal/impl/DefaultSyncContextFactory$DefaultSyncContext
Event: 1.846 loading class org/eclipse/aether/internal/impl/DefaultSyncContextFactory$DefaultSyncContext done
Event: 1.846 loading class org/eclipse/aether/RepositoryEvent$Builder
Event: 1.846 loading class org/eclipse/aether/RepositoryEvent$Builder done
Event: 1.847 loading class org/eclipse/aether/RepositoryEvent$EventType
Event: 1.847 loading class org/eclipse/aether/RepositoryEvent$EventType done


Dynamic libraries:
0x00007ff62ba00000 - 0x00007ff62ba47000 	C:\Program Files\Java\jdk1.8.0_261\bin\java.exe
0x00007ffa76a30000 - 0x00007ffa76c1d000 	C:\WINDOWS\SYSTEM32\ntdll.dll
0x00007ffa76940000 - 0x00007ffa769f3000 	C:\WINDOWS\System32\KERNEL32.DLL
0x00007ffa72ba0000 - 0x00007ffa72e34000 	C:\WINDOWS\System32\KERNELBASE.dll
0x00007ffa73ea0000 - 0x00007ffa73f43000 	C:\WINDOWS\System32\ADVAPI32.dll
0x00007ffa743b0000 - 0x00007ffa7444e000 	C:\WINDOWS\System32\msvcrt.dll
0x00007ffa766d0000 - 0x00007ffa7676e000 	C:\WINDOWS\System32\sechost.dll
0x00007ffa762d0000 - 0x00007ffa763f2000 	C:\WINDOWS\System32\RPCRT4.dll
0x00007ffa73c50000 - 0x00007ffa73de7000 	C:\WINDOWS\System32\USER32.dll
0x00007ffa72b80000 - 0x00007ffa72ba0000 	C:\WINDOWS\System32\win32u.dll
0x00007ffa745b0000 - 0x00007ffa745d9000 	C:\WINDOWS\System32\GDI32.dll
0x00007ffa73780000 - 0x00007ffa7391c000 	C:\WINDOWS\System32\gdi32full.dll
0x00007ffa73980000 - 0x00007ffa73a20000 	C:\WINDOWS\System32\msvcp_win.dll
0x00007ffa73680000 - 0x00007ffa7377a000 	C:\WINDOWS\System32\ucrtbase.dll
0x00007ffa62790000 - 0x00007ffa62a09000 	C:\WINDOWS\WinSxS\amd64_microsoft.windows.common-controls_6595b64144ccf1df_6.0.17763.1457_none_de7243e4534a70d1\COMCTL32.dll
0x00007ffa74080000 - 0x00007ffa743ad000 	C:\WINDOWS\System32\combase.dll
0x00007ffa72ae0000 - 0x00007ffa72b5e000 	C:\WINDOWS\System32\bcryptPrimitives.dll
0x00007ffa73df0000 - 0x00007ffa73e1e000 	C:\WINDOWS\System32\IMM32.DLL
0x00007ffa43af0000 - 0x00007ffa43ba2000 	C:\Program Files\McAfee\Endpoint Security\Threat Prevention\Ips\EpMPApi.dll
0x00007ffa73920000 - 0x00007ffa73979000 	C:\WINDOWS\System32\WINTRUST.dll
0x00007ffa72a10000 - 0x00007ffa72a22000 	C:\WINDOWS\System32\MSASN1.dll
0x00007ffa73a20000 - 0x00007ffa73bfc000 	C:\WINDOWS\System32\CRYPT32.dll
0x00000000505e0000 - 0x00000000505ec000 	C:\Program Files\McAfee\Endpoint Security\Threat Prevention\Ips\EpMPThe.dll
0x00007ffa439e0000 - 0x00007ffa43a2f000 	C:\Program Files\McAfee\Endpoint Security\Threat Prevention\Ips\HIPHandlers64.dll
0x00007ffa76400000 - 0x00007ffa76452000 	C:\WINDOWS\System32\SHLWAPI.dll
0x00007ffa70f40000 - 0x00007ffa7112d000 	C:\WINDOWS\SYSTEM32\dbghelp.dll
0x00007ffa4cd10000 - 0x00007ffa4cd25000 	C:\Program Files\Java\jdk1.8.0_261\jre\bin\vcruntime140.dll
0x00007ffa2eed0000 - 0x00007ffa2ef6b000 	C:\Program Files\Java\jdk1.8.0_261\jre\bin\msvcp140.dll
0x00000000750c0000 - 0x000000007592c000 	C:\Program Files\Java\jdk1.8.0_261\jre\bin\server\jvm.dll
0x00007ffa765b0000 - 0x00007ffa765b8000 	C:\WINDOWS\System32\PSAPI.DLL
0x00007ffa5e0d0000 - 0x00007ffa5e0d9000 	C:\WINDOWS\SYSTEM32\WSOCK32.dll
0x00007ffa6d0c0000 - 0x00007ffa6d0e4000 	C:\WINDOWS\SYSTEM32\WINMM.dll
0x00007ffa76260000 - 0x00007ffa762cd000 	C:\WINDOWS\System32\WS2_32.dll
0x00007ffa6a470000 - 0x00007ffa6a47a000 	C:\WINDOWS\SYSTEM32\VERSION.dll
0x00007ffa6d090000 - 0x00007ffa6d0bd000 	C:\WINDOWS\SYSTEM32\WINMMBASE.dll
0x00007ffa73c00000 - 0x00007ffa73c4a000 	C:\WINDOWS\System32\cfgmgr32.dll
0x00007ffa72ac0000 - 0x00007ffa72ad1000 	C:\WINDOWS\System32\kernel.appcore.dll
0x00007ffa62bb0000 - 0x00007ffa62bc0000 	C:\Program Files\Java\jdk1.8.0_261\jre\bin\verify.dll
0x00007ffa4aca0000 - 0x00007ffa4accb000 	C:\Program Files\Java\jdk1.8.0_261\jre\bin\java.dll
0x00007ffa4c8b0000 - 0x00007ffa4c8c8000 	C:\Program Files\Java\jdk1.8.0_261\jre\bin\zip.dll
0x00007ffa748c0000 - 0x00007ffa75db9000 	C:\WINDOWS\System32\SHELL32.dll
0x00007ffa74810000 - 0x00007ffa748b9000 	C:\WINDOWS\System32\shcore.dll
0x00007ffa72ef0000 - 0x00007ffa73642000 	C:\WINDOWS\System32\windows.storage.dll
0x00007ffa72a90000 - 0x00007ffa72ab4000 	C:\WINDOWS\System32\profapi.dll
0x00007ffa72a30000 - 0x00007ffa72a8d000 	C:\WINDOWS\System32\powrprof.dll
0x00007ffa72b60000 - 0x00007ffa72b77000 	C:\WINDOWS\System32\cryptsp.dll
0x00007ffa626f0000 - 0x00007ffa626fa000 	C:\Users\msaquib\Documents\apache-maven-3.6.3\lib\jansi-native\windows64\jansi.dll
0x00007ffa4d120000 - 0x00007ffa4d13c000 	C:\Program Files\Java\jdk1.8.0_261\jre\bin\net.dll
0x00007ffa721c0000 - 0x00007ffa72227000 	C:\WINDOWS\system32\mswsock.dll
0x00007ffa4d100000 - 0x00007ffa4d113000 	C:\Program Files\Java\jdk1.8.0_261\jre\bin\nio.dll

VM Arguments:
jvm_args: -Dclassworlds.conf=C:\Users\msaquib\Documents\apache-maven-3.6.3\bin\..\bin\m2.conf -Dmaven.home=C:\Users\msaquib\Documents\apache-maven-3.6.3\bin\.. -Dlibrary.jansi.path=C:\Users\msaquib\Documents\apache-maven-3.6.3\bin\..\lib\jansi-native -Dmaven.multiModuleProjectDirectory=C:\Users\msaquib\eclipse-workspace\APIFramework 
java_command: org.codehaus.plexus.classworlds.launcher.Launcher test
java_class_path (initial): C:\Users\msaquib\Documents\apache-maven-3.6.3\bin\..\boot\plexus-classworlds-2.6.0.jar
Launcher Type: SUN_STANDARD

Environment Variables:
JAVA_HOME=C:\Program Files\Java\jdk1.8.0_261
PATH=C:\Program Files\Python38\Scripts\;C:\Program Files\Python38\;C:\Program Files (x86)\Common Files\Oracle\Java\javapath;C:\Users\msaquib\Anaconda3\pkgs\python-3.7.6-h60c2a47_2;C:\WINDOWS\system32\config\systemprofile\AppData\Local\Programs\Python\Python37\Scripts\;C:\WINDOWS\system32\config\systemprofile\AppData\Local\Programs\Python\Python37\;C:\app\msaquib\product\11.2.0\dbhome_1\bin;C:\Perl64\site\bin;C:\Perl64\bin;C:\Program Files (x86)\RSA SecurID Token Common;C:\WINDOWS\system32;C:\WINDOWS;C:\WINDOWS\System32\Wbem;C:\WINDOWS\System32\WindowsPowerShell\v1.0\;C:\Program Files (x86)\Perforce;C:\Program Files\Git\cmd;C:\Program Files\apache-maven-3.3.9\bin;C:\Python27;C:\Program Files\nodejs\;C:\Users\msaquib;C:\Program Files\Microsoft VS Code\bin;C:\WINDOWS\System32\OpenSSH\;C:\spark-2.4.5-bin-hadoop2.7\bin;C:\Program Files\Java\jdk1.8.0_261\bin;C:\Program Files (x86)\PuTTY\;C:\Users\msaquib\Documents\apache-maven-3.6.3\bin;C:\Users\msaquib\AppData\Local\Microsoft\WindowsApps;C:\Users\msaquib\AppData\Local\Polycom\RealPresence Desktop\;C:\Users\msaquib\AppData\Roaming\npm;C:\Python27;C:\Users\msaquib;
USERNAME=msaquib
OS=Windows_NT
PROCESSOR_IDENTIFIER=Intel64 Family 6 Model 142 Stepping 9, GenuineIntel



---------------  S Y S T E M  ---------------

OS: Windows 10.0 , 64 bit Build 17763 (10.0.17763.475)

CPU:total 4 (initial active 4) (2 cores per cpu, 2 threads per core) family 6 model 142 stepping 9, cmov, cx8, fxsr, mmx, sse, sse2, sse3, ssse3, sse4.1, sse4.2, popcnt, avx, avx2, aes, clmul, erms, rtm, 3dnowpref, lzcnt, ht, tsc, tscinvbit, bmi1, bmi2, adx

Memory: 4k page, physical 16658680k(3887980k free), swap 20852984k(5144k free)

vm_info: Java HotSpot(TM) 64-Bit Server VM (25.261-b12) for windows-amd64 JRE (1.8.0_261-b12), built on Jun 18 2020 06:56:32 by "" with unknown MS VC++:1916

time: Mon Oct 26 18:52:45 2020
timezone: India Standard Time
elapsed time: 1 seconds (0d 0h 0m 1s)

