#
# There is insufficient memory for the Java Runtime Environment to continue.
# Native memory allocation (malloc) failed to allocate 39440 bytes for Chunk::new
# Possible reasons:
#   The system is out of physical RAM or swap space
#   The process is running with CompressedOops enabled, and the Java Heap may be blocking the growth of the native heap
# Possible solutions:
#   Reduce memory load on the system
#   Increase physical memory or swap space
#   Check if swap backing store is full
#   Decrease Java heap size (-Xmx/-Xms)
#   Decrease number of Java threads
#   Decrease Java thread stack sizes (-Xss)
#   Set larger code cache with -XX:ReservedCodeCacheSize=
#   JVM is running with Zero Based Compressed Oops mode in which the Java heap is
#     placed in the first 32GB address space. The Java Heap base address is the
#     maximum limit for the native heap growth. Please use -XX:HeapBaseMinAddress
#     to set the Java Heap base and to place the Java Heap above 32GB virtual address.
# This output file may be truncated or incomplete.
#
#  Out of Memory Error (allocation.cpp:389), pid=21460, tid=0x00000000000055d8
#
# JRE version: Java(TM) SE Runtime Environment (8.0_261-b12) (build 1.8.0_261-b12)
# Java VM: Java HotSpot(TM) 64-Bit Server VM (25.261-b12 mixed mode windows-amd64 compressed oops)
# Failed to write core dump. Minidumps are not enabled by default on client versions of Windows
#

---------------  T H R E A D  ---------------

Current thread (0x000001dbffc4a000):  JavaThread "C2 CompilerThread0" daemon [_thread_in_native, id=21976, stack(0x0000003734e00000,0x0000003734f00000)]

Stack: [0x0000003734e00000,0x0000003734f00000]
Native frames: (J=compiled Java code, j=interpreted, Vv=VM code, C=native code)
V  [jvm.dll+0x33e5f9]


Current CompileTask:
C2:   2267 1582       4       java.net.URLClassLoader$1::run (5 bytes)


---------------  P R O C E S S  ---------------

Java Threads: ( => current thread )
  0x000001dbffcc9000 JavaThread "Service Thread" daemon [_thread_blocked, id=18636, stack(0x0000003735100000,0x0000003735200000)]
  0x000001dbffc74000 JavaThread "C1 CompilerThread2" daemon [_thread_blocked, id=13372, stack(0x0000003735000000,0x0000003735100000)]
  0x000001dbffc57000 JavaThread "C2 CompilerThread1" daemon [_thread_blocked, id=16124, stack(0x0000003734f00000,0x0000003735000000)]
=>0x000001dbffc4a000 JavaThread "C2 CompilerThread0" daemon [_thread_in_native, id=21976, stack(0x0000003734e00000,0x0000003734f00000)]
  0x000001dbffc48800 JavaThread "Attach Listener" daemon [_thread_blocked, id=16020, stack(0x0000003734d00000,0x0000003734e00000)]
  0x000001dbffc47800 JavaThread "Signal Dispatcher" daemon [_thread_blocked, id=9984, stack(0x0000003734c00000,0x0000003734d00000)]
  0x000001dbffc23800 JavaThread "Finalizer" daemon [_thread_blocked, id=19740, stack(0x0000003734b00000,0x0000003734c00000)]
  0x000001dbffc1a000 JavaThread "Reference Handler" daemon [_thread_blocked, id=8644, stack(0x0000003734a00000,0x0000003734b00000)]
  0x000001dbfcca4800 JavaThread "main" [_thread_in_native, id=2996, stack(0x0000003734400000,0x0000003734500000)]

Other Threads:
  0x000001dbffbf3800 VMThread [stack: 0x0000003734900000,0x0000003734a00000] [id=11744]
  0x000001dbffcec000 WatcherThread [stack: 0x0000003735200000,0x0000003735300000] [id=932]

VM state:not at safepoint (normal execution)

VM Mutex/Monitor currently owned by a thread: None

OutOfMemory and StackOverflow Exception counts:
OutOfMemoryError java_heap_errors=2

heap address: 0x00000006c1c00000, size: 4068 MB, Compressed Oops mode: Zero based, Oop shift amount: 3
Narrow klass base: 0x0000000000000000, Narrow klass shift: 3
Compressed class space size: 1073741824 Address: 0x00000007c0000000

Heap:
 PSYoungGen      total 76288K, used 32633K [0x000000076b400000, 0x0000000770900000, 0x00000007c0000000)
  eden space 65536K, 34% used [0x000000076b400000,0x000000076c9f45a0,0x000000076f400000)
  from space 10752K, 94% used [0x000000076f400000,0x000000076fde9fa8,0x000000076fe80000)
  to   space 10752K, 0% used [0x000000076fe80000,0x000000076fe80000,0x0000000770900000)
 ParOldGen       total 175104K, used 8K [0x00000006c1c00000, 0x00000006cc700000, 0x000000076b400000)
  object space 175104K, 0% used [0x00000006c1c00000,0x00000006c1c02000,0x00000006cc700000)
 Metaspace       used 14576K, capacity 14800K, committed 14976K, reserved 1062912K
  class space    used 1788K, capacity 1872K, committed 1920K, reserved 1048576K

Card table byte_map: [0x000001dbfecb0000,0x000001dbff4b0000] byte_map_base: 0x000001dbfb6a2000

Marking Bits: (ParMarkBitMap*) 0x00000000758b4fb0
 Begin Bits: [0x000001db8f000000, 0x000001db92f90000)
 End Bits:   [0x000001db92f90000, 0x000001db96f20000)

Polling page: 0x000001dbfe570000

CodeCache: size=245760Kb used=5659Kb max_used=5659Kb free=240100Kb
 bounds [0x000001db80000000, 0x000001db80590000, 0x000001db8f000000]
 total_blobs=1957 nmethods=1612 adapters=257
 compilation: enabled

Compilation events (10 events):
Event: 2.224 Thread 0x000001dbffc74000 1606  s    3       org.fusesource.jansi.AnsiPrintStream::filter (948 bytes)
Event: 2.231 Thread 0x000001dbffc74000 nmethod 1606 0x000001db80581750 code [0x000001db80581fa0, 0x000001db80587b90]
Event: 2.231 Thread 0x000001dbffc74000 1607       3       java.lang.String::valueOf (18 bytes)
Event: 2.231 Thread 0x000001dbffc74000 nmethod 1607 0x000001db8057e010 code [0x000001db8057e180, 0x000001db8057e478]
Event: 2.235 Thread 0x000001dbffc74000 1608       3       java.io.OutputStream::flush (1 bytes)
Event: 2.235 Thread 0x000001dbffc74000 nmethod 1608 0x000001db8057dcd0 code [0x000001db8057de20, 0x000001db8057df78]
Event: 2.237 Thread 0x000001dbffc74000 1609  s    3       java.io.BufferedOutputStream::flush (12 bytes)
Event: 2.237 Thread 0x000001dbffc74000 nmethod 1609 0x000001db8057d4d0 code [0x000001db8057d660, 0x000001db8057db60]
Event: 2.237 Thread 0x000001dbffc74000 1610       3       java.io.BufferedOutputStream::flushBuffer (29 bytes)
Event: 2.237 Thread 0x000001dbffc74000 nmethod 1610 0x000001db8057d010 code [0x000001db8057d180, 0x000001db8057d410]

GC Heap History (2 events):
Event: 1.608 GC heap before
{Heap before GC invocations=1 (full 0):
 PSYoungGen      total 76288K, used 65536K [0x000000076b400000, 0x0000000770900000, 0x00000007c0000000)
  eden space 65536K, 100% used [0x000000076b400000,0x000000076f400000,0x000000076f400000)
  from space 10752K, 0% used [0x000000076fe80000,0x000000076fe80000,0x0000000770900000)
  to   space 10752K, 0% used [0x000000076f400000,0x000000076f400000,0x000000076fe80000)
 ParOldGen       total 175104K, used 0K [0x00000006c1c00000, 0x00000006cc700000, 0x000000076b400000)
  object space 175104K, 0% used [0x00000006c1c00000,0x00000006c1c00000,0x00000006cc700000)
 Metaspace       used 11506K, capacity 11630K, committed 11776K, reserved 1058816K
  class space    used 1424K, capacity 1509K, committed 1536K, reserved 1048576K
Event: 1.620 GC heap after
Heap after GC invocations=1 (full 0):
 PSYoungGen      total 76288K, used 10151K [0x000000076b400000, 0x0000000770900000, 0x00000007c0000000)
  eden space 65536K, 0% used [0x000000076b400000,0x000000076b400000,0x000000076f400000)
  from space 10752K, 94% used [0x000000076f400000,0x000000076fde9fa8,0x000000076fe80000)
  to   space 10752K, 0% used [0x000000076fe80000,0x000000076fe80000,0x0000000770900000)
 ParOldGen       total 175104K, used 8K [0x00000006c1c00000, 0x00000006cc700000, 0x000000076b400000)
  object space 175104K, 0% used [0x00000006c1c00000,0x00000006c1c02000,0x00000006cc700000)
 Metaspace       used 11506K, capacity 11630K, committed 11776K, reserved 1058816K
  class space    used 1424K, capacity 1509K, committed 1536K, reserved 1048576K
}

Deoptimization events (10 events):
Event: 0.763 Thread 0x000001dbfcca4800 Uncommon trap: reason=unstable_if action=reinterpret pc=0x000001db802a70a0 method=java.nio.charset.CoderResult.isOverflow()Z @ 5
Event: 0.767 Thread 0x000001dbfcca4800 Uncommon trap: reason=unstable_if action=reinterpret pc=0x000001db802a07d0 method=java.io.Reader.read()I @ 12
Event: 0.811 Thread 0x000001dbfcca4800 Uncommon trap: reason=unstable_if action=reinterpret pc=0x000001db802bba84 method=sun.nio.cs.StreamDecoder.implRead([CII)I @ 71
Event: 0.984 Thread 0x000001dbfcca4800 Uncommon trap: reason=unstable_if action=reinterpret pc=0x000001db80265698 method=java.util.HashMap.getNode(ILjava/lang/Object;)Ljava/util/HashMap$Node; @ 129
Event: 0.984 Thread 0x000001dbfcca4800 Uncommon trap: reason=unstable_if action=reinterpret pc=0x000001db8025d244 method=java.util.HashMap.getNode(ILjava/lang/Object;)Ljava/util/HashMap$Node; @ 129
Event: 0.999 Thread 0x000001dbfcca4800 Uncommon trap: reason=range_check action=make_not_entrant pc=0x000001db8031a768 method=sun.reflect.generics.parser.SignatureParser.current()C @ 34
Event: 1.955 Thread 0x000001dbfcca4800 Uncommon trap: reason=unstable_if action=reinterpret pc=0x000001db8050f3d8 method=org.eclipse.sisu.inject.InjectorBindings.isAssignableFrom(Lcom/google/inject/TypeLiteral;Lcom/google/inject/Binding;)Z @ 14
Event: 1.980 Thread 0x000001dbfcca4800 Uncommon trap: reason=unstable_if action=reinterpret pc=0x000001db802ca6b8 method=org.codehaus.plexus.util.xml.pull.MXParser.nextImpl()I @ 241
Event: 2.158 Thread 0x000001dbfcca4800 Uncommon trap: reason=unstable_if action=reinterpret pc=0x000001db8019f7c8 method=java.lang.String.replace(CC)Ljava/lang/String; @ 2
Event: 2.163 Thread 0x000001dbfcca4800 Uncommon trap: reason=unstable_if action=reinterpret pc=0x000001db804743e8 method=java.lang.String.substring(I)Ljava/lang/String; @ 35

Classes redefined (0 events):
No events

Internal exceptions (10 events):
Event: 0.999 Thread 0x000001dbfcca4800 Exception <a 'java/lang/ArrayIndexOutOfBoundsException': 66> (0x000000076d4ba7d8) thrown at [C:\jenkins\workspace\8-2-build-windows-amd64-cygwin\jdk8u261\295\hotspot\src\share\vm\interpreter\interpreterRuntime.cpp, line 368]
Event: 1.834 Thread 0x000001dbfcca4800 Exception <a 'java/lang/NoClassDefFoundError': com/google/inject/servlet/ServletModuleTargetVisitor> (0x000000076bdce918) thrown at [C:\jenkins\workspace\8-2-build-windows-amd64-cygwin\jdk8u261\295\hotspot\src\share\vm\classfile\systemDictionary.cpp, line
Event: 1.834 Thread 0x000001dbfcca4800 Exception <a 'java/lang/NoClassDefFoundError'> (0x000000076bdce918) thrown at [C:\jenkins\workspace\8-2-build-windows-amd64-cygwin\jdk8u261\295\hotspot\src\share\vm\prims\jvm.cpp, line 1516]
Event: 1.834 Thread 0x000001dbfcca4800 Exception <a 'java/lang/NoClassDefFoundError': javax/annotation/Priority> (0x000000076bdd3860) thrown at [C:\jenkins\workspace\8-2-build-windows-amd64-cygwin\jdk8u261\295\hotspot\src\share\vm\classfile\systemDictionary.cpp, line 199]
Event: 2.056 Thread 0x000001dbfcca4800 Exception <a 'java/lang/NullPointerException'> (0x000000076c3fc5e8) thrown at [C:\jenkins\workspace\8-2-build-windows-amd64-cygwin\jdk8u261\295\hotspot\src\share\vm\interpreter\linkResolver.cpp, line 1185]
Event: 2.056 Thread 0x000001dbfcca4800 Exception <a 'java/lang/NullPointerException'> (0x000000076c3fc800) thrown at [C:\jenkins\workspace\8-2-build-windows-amd64-cygwin\jdk8u261\295\hotspot\src\share\vm\interpreter\linkResolver.cpp, line 1185]
Event: 2.056 Thread 0x000001dbfcca4800 Exception <a 'java/lang/NullPointerException'> (0x000000076c3fca18) thrown at [C:\jenkins\workspace\8-2-build-windows-amd64-cygwin\jdk8u261\295\hotspot\src\share\vm\interpreter\linkResolver.cpp, line 1185]
Event: 2.057 Thread 0x000001dbfcca4800 Exception <a 'java/lang/NullPointerException'> (0x000000076c404e70) thrown at [C:\jenkins\workspace\8-2-build-windows-amd64-cygwin\jdk8u261\295\hotspot\src\share\vm\interpreter\linkResolver.cpp, line 1185]
Event: 2.057 Thread 0x000001dbfcca4800 Exception <a 'java/lang/NullPointerException'> (0x000000076c405088) thrown at [C:\jenkins\workspace\8-2-build-windows-amd64-cygwin\jdk8u261\295\hotspot\src\share\vm\interpreter\linkResolver.cpp, line 1185]
Event: 2.057 Thread 0x000001dbfcca4800 Exception <a 'java/lang/NullPointerException'> (0x000000076c4052a0) thrown at [C:\jenkins\workspace\8-2-build-windows-amd64-cygwin\jdk8u261\295\hotspot\src\share\vm\interpreter\linkResolver.cpp, line 1185]

Events (10 events):
Event: 2.191 loading class java/util/LinkedList$ListItr
Event: 2.191 loading class java/util/LinkedList$ListItr done
Event: 2.192 loading class org/eclipse/aether/util/repository/ChainedWorkspaceReader
Event: 2.192 loading class org/eclipse/aether/util/repository/ChainedWorkspaceReader done
Event: 2.193 loading class org/apache/maven/lifecycle/internal/LifecycleTask
Event: 2.193 loading class org/apache/maven/lifecycle/internal/LifecycleTask done
Event: 2.198 loading class org/apache/maven/lifecycle/internal/CompoundProjectExecutionListener
Event: 2.198 loading class org/apache/maven/lifecycle/internal/CompoundProjectExecutionListener done
Event: 2.199 loading class org/apache/maven/execution/ProjectExecutionEvent
Event: 2.199 loading class org/apache/maven/execution/ProjectExecutionEvent done


Dynamic libraries:
0x00007ff62ba00000 - 0x00007ff62ba47000 	C:\Program Files\Java\jdk1.8.0_261\bin\java.exe
0x00007ffa76a30000 - 0x00007ffa76c1d000 	C:\WINDOWS\SYSTEM32\ntdll.dll
0x00007ffa76940000 - 0x00007ffa769f3000 	C:\WINDOWS\System32\KERNEL32.DLL
0x00007ffa72ba0000 - 0x00007ffa72e34000 	C:\WINDOWS\System32\KERNELBASE.dll
0x00007ffa73ea0000 - 0x00007ffa73f43000 	C:\WINDOWS\System32\ADVAPI32.dll
0x00007ffa743b0000 - 0x00007ffa7444e000 	C:\WINDOWS\System32\msvcrt.dll
0x00007ffa766d0000 - 0x00007ffa7676e000 	C:\WINDOWS\System32\sechost.dll
0x00007ffa762d0000 - 0x00007ffa763f2000 	C:\WINDOWS\System32\RPCRT4.dll
0x00007ffa73c50000 - 0x00007ffa73de7000 	C:\WINDOWS\System32\USER32.dll
0x00007ffa72b80000 - 0x00007ffa72ba0000 	C:\WINDOWS\System32\win32u.dll
0x00007ffa745b0000 - 0x00007ffa745d9000 	C:\WINDOWS\System32\GDI32.dll
0x00007ffa73780000 - 0x00007ffa7391c000 	C:\WINDOWS\System32\gdi32full.dll
0x00007ffa73980000 - 0x00007ffa73a20000 	C:\WINDOWS\System32\msvcp_win.dll
0x00007ffa73680000 - 0x00007ffa7377a000 	C:\WINDOWS\System32\ucrtbase.dll
0x00007ffa62790000 - 0x00007ffa62a09000 	C:\WINDOWS\WinSxS\amd64_microsoft.windows.common-controls_6595b64144ccf1df_6.0.17763.1457_none_de7243e4534a70d1\COMCTL32.dll
0x00007ffa74080000 - 0x00007ffa743ad000 	C:\WINDOWS\System32\combase.dll
0x00007ffa72ae0000 - 0x00007ffa72b5e000 	C:\WINDOWS\System32\bcryptPrimitives.dll
0x00007ffa73df0000 - 0x00007ffa73e1e000 	C:\WINDOWS\System32\IMM32.DLL
0x00007ffa43af0000 - 0x00007ffa43ba2000 	C:\Program Files\McAfee\Endpoint Security\Threat Prevention\Ips\EpMPApi.dll
0x00007ffa73920000 - 0x00007ffa73979000 	C:\WINDOWS\System32\WINTRUST.dll
0x00007ffa72a10000 - 0x00007ffa72a22000 	C:\WINDOWS\System32\MSASN1.dll
0x00007ffa73a20000 - 0x00007ffa73bfc000 	C:\WINDOWS\System32\CRYPT32.dll
0x00000000505e0000 - 0x00000000505ec000 	C:\Program Files\McAfee\Endpoint Security\Threat Prevention\Ips\EpMPThe.dll
0x00007ffa439e0000 - 0x00007ffa43a2f000 	C:\Program Files\McAfee\Endpoint Security\Threat Prevention\Ips\HIPHandlers64.dll
0x00007ffa76400000 - 0x00007ffa76452000 	C:\WINDOWS\System32\SHLWAPI.dll
0x00007ffa70f40000 - 0x00007ffa7112d000 	C:\WINDOWS\SYSTEM32\dbghelp.dll
0x00007ffa6b9f0000 - 0x00007ffa6ba05000 	C:\Program Files\Java\jdk1.8.0_261\jre\bin\vcruntime140.dll
0x00007ffa49750000 - 0x00007ffa497eb000 	C:\Program Files\Java\jdk1.8.0_261\jre\bin\msvcp140.dll
0x00000000750c0000 - 0x000000007592c000 	C:\Program Files\Java\jdk1.8.0_261\jre\bin\server\jvm.dll
0x00007ffa765b0000 - 0x00007ffa765b8000 	C:\WINDOWS\System32\PSAPI.DLL
0x00007ffa5e0d0000 - 0x00007ffa5e0d9000 	C:\WINDOWS\SYSTEM32\WSOCK32.dll
0x00007ffa6d0c0000 - 0x00007ffa6d0e4000 	C:\WINDOWS\SYSTEM32\WINMM.dll
0x00007ffa6a470000 - 0x00007ffa6a47a000 	C:\WINDOWS\SYSTEM32\VERSION.dll
0x00007ffa76260000 - 0x00007ffa762cd000 	C:\WINDOWS\System32\WS2_32.dll
0x00007ffa6d090000 - 0x00007ffa6d0bd000 	C:\WINDOWS\SYSTEM32\WINMMBASE.dll
0x00007ffa73c00000 - 0x00007ffa73c4a000 	C:\WINDOWS\System32\cfgmgr32.dll
0x00007ffa72ac0000 - 0x00007ffa72ad1000 	C:\WINDOWS\System32\kernel.appcore.dll
0x00007ffa624c0000 - 0x00007ffa624d0000 	C:\Program Files\Java\jdk1.8.0_261\jre\bin\verify.dll
0x00007ffa61d60000 - 0x00007ffa61d8b000 	C:\Program Files\Java\jdk1.8.0_261\jre\bin\java.dll
0x00007ffa61d40000 - 0x00007ffa61d58000 	C:\Program Files\Java\jdk1.8.0_261\jre\bin\zip.dll
0x00007ffa748c0000 - 0x00007ffa75db9000 	C:\WINDOWS\System32\SHELL32.dll
0x00007ffa74810000 - 0x00007ffa748b9000 	C:\WINDOWS\System32\shcore.dll
0x00007ffa72ef0000 - 0x00007ffa73642000 	C:\WINDOWS\System32\windows.storage.dll
0x00007ffa72a90000 - 0x00007ffa72ab4000 	C:\WINDOWS\System32\profapi.dll
0x00007ffa72a30000 - 0x00007ffa72a8d000 	C:\WINDOWS\System32\powrprof.dll
0x00007ffa72b60000 - 0x00007ffa72b77000 	C:\WINDOWS\System32\cryptsp.dll
0x00007ffa61f60000 - 0x00007ffa61f6a000 	C:\Users\msaquib\Documents\apache-maven-3.6.3\lib\jansi-native\windows64\jansi.dll

VM Arguments:
jvm_args: -Dclassworlds.conf=C:\Users\msaquib\Documents\apache-maven-3.6.3\bin\..\bin\m2.conf -Dmaven.home=C:\Users\msaquib\Documents\apache-maven-3.6.3\bin\.. -Dlibrary.jansi.path=C:\Users\msaquib\Documents\apache-maven-3.6.3\bin\..\lib\jansi-native -Dmaven.multiModuleProjectDirectory=C:\Users\msaquib\eclipse-workspace\APIFramework 
java_command: org.codehaus.plexus.classworlds.launcher.Launcher test
java_class_path (initial): C:\Users\msaquib\Documents\apache-maven-3.6.3\bin\..\boot\plexus-classworlds-2.6.0.jar
Launcher Type: SUN_STANDARD

Environment Variables:
JAVA_HOME=C:\Program Files\Java\jdk1.8.0_261
PATH=C:\Program Files\Python38\Scripts\;C:\Program Files\Python38\;C:\Program Files (x86)\Common Files\Oracle\Java\javapath;C:\Users\msaquib\Anaconda3\pkgs\python-3.7.6-h60c2a47_2;C:\WINDOWS\system32\config\systemprofile\AppData\Local\Programs\Python\Python37\Scripts\;C:\WINDOWS\system32\config\systemprofile\AppData\Local\Programs\Python\Python37\;C:\app\msaquib\product\11.2.0\dbhome_1\bin;C:\Perl64\site\bin;C:\Perl64\bin;C:\Program Files (x86)\RSA SecurID Token Common;C:\WINDOWS\system32;C:\WINDOWS;C:\WINDOWS\System32\Wbem;C:\WINDOWS\System32\WindowsPowerShell\v1.0\;C:\Program Files (x86)\Perforce;C:\Program Files\Git\cmd;C:\Program Files\apache-maven-3.3.9\bin;C:\Python27;C:\Program Files\nodejs\;C:\Users\msaquib;C:\Program Files\Microsoft VS Code\bin;C:\WINDOWS\System32\OpenSSH\;C:\spark-2.4.5-bin-hadoop2.7\bin;C:\Program Files\Java\jdk1.8.0_261\bin;C:\Program Files (x86)\PuTTY\;C:\Users\msaquib\Documents\apache-maven-3.6.3\bin;C:\Users\msaquib\AppData\Local\Microsoft\WindowsApps;C:\Users\msaquib\AppData\Local\Polycom\RealPresence Desktop\;C:\Users\msaquib\AppData\Roaming\npm;C:\Python27;C:\Users\msaquib;
USERNAME=msaquib
OS=Windows_NT
PROCESSOR_IDENTIFIER=Intel64 Family 6 Model 142 Stepping 9, GenuineIntel



---------------  S Y S T E M  ---------------

OS: Windows 10.0 , 64 bit Build 17763 (10.0.17763.475)

CPU:total 4 (initial active 4) (2 cores per cpu, 2 threads per core) family 6 model 142 stepping 9, cmov, cx8, fxsr, mmx, sse, sse2, sse3, ssse3, sse4.1, sse4.2, popcnt, avx, avx2, aes, clmul, erms, rtm, 3dnowpref, lzcnt, ht, tsc, tscinvbit, bmi1, bmi2, adx

Memory: 4k page, physical 16658680k(3570280k free), swap 20852984k(4360k free)

vm_info: Java HotSpot(TM) 64-Bit Server VM (25.261-b12) for windows-amd64 JRE (1.8.0_261-b12), built on Jun 18 2020 06:56:32 by "" with unknown MS VC++:1916

time: Mon Oct 26 18:45:01 2020
timezone: India Standard Time
elapsed time: 2 seconds (0d 0h 0m 2s)

